0 info it worked if it ends with ok
1 verbose cli [ '/usr/local/Cellar/node/0.10.15/bin/node',
1 verbose cli   '/usr/local/bin/npm',
1 verbose cli   'install',
1 verbose cli   'foundation' ]
2 info using npm@1.3.5
3 info using node@v0.10.15
4 warn package.json app@0.0.0 No repository field.
5 verbose readDependencies using package.json deps
6 verbose cache add [ 'foundation', null ]
7 verbose cache add name=undefined spec="foundation" args=["foundation",null]
8 verbose parsed url { protocol: null,
8 verbose parsed url   slashes: null,
8 verbose parsed url   auth: null,
8 verbose parsed url   host: null,
8 verbose parsed url   port: null,
8 verbose parsed url   hostname: null,
8 verbose parsed url   hash: null,
8 verbose parsed url   search: null,
8 verbose parsed url   query: null,
8 verbose parsed url   pathname: 'foundation',
8 verbose parsed url   path: 'foundation',
8 verbose parsed url   href: 'foundation' }
9 silly lockFile ec9624c8-foundation foundation
10 verbose lock foundation /Users/kennethcohen/.npm/ec9624c8-foundation.lock
11 silly lockFile ec9624c8-foundation foundation
12 verbose addNamed [ 'foundation', '' ]
13 verbose addNamed [ null, '*' ]
14 silly lockFile 604530e7-foundation foundation@
15 verbose lock foundation@ /Users/kennethcohen/.npm/604530e7-foundation.lock
16 silly lockFile 604530e7-foundation foundation@
17 error Error: EACCES, open '/Users/kennethcohen/.npm/604530e7-foundation.lock'
17 error  { [Error: EACCES, open '/Users/kennethcohen/.npm/604530e7-foundation.lock']
17 error   errno: 3,
17 error   code: 'EACCES',
17 error   path: '/Users/kennethcohen/.npm/604530e7-foundation.lock' }
18 error Please try running this command again as root/Administrator.
19 error System Darwin 13.0.0
20 error command "/usr/local/Cellar/node/0.10.15/bin/node" "/usr/local/bin/npm" "install" "foundation"
21 error cwd /Users/kennethcohen/Dropbox/code_projects/massive-octo-batman
22 error node -v v0.10.15
23 error npm -v 1.3.5
24 error path /Users/kennethcohen/.npm/604530e7-foundation.lock
25 error code EACCES
26 error errno 3
27 error stack Error: EACCES, open '/Users/kennethcohen/.npm/604530e7-foundation.lock'
28 verbose exit [ 3, true ]
